<?xml version="1.0" encoding="UTF-8"?>
<testng-results skipped="0" failed="0" total="4" passed="4">
  <reporter-output>
  </reporter-output>
  <suite name="Default suite" duration-ms="86" started-at="2021-03-04T09:38:28Z" finished-at="2021-03-04T09:38:28Z">
    <groups>
    </groups>
    <test name="Default test" duration-ms="86" started-at="2021-03-04T09:38:28Z" finished-at="2021-03-04T09:38:28Z">
      <class name="OperationalCommands.OperationCommand">
        <test-method status="PASS" signature="add()[pri:0, instance:OperationalCommands.OperationCommand@66d2e7d9]" name="add" duration-ms="22" started-at="2021-03-04T15:08:28Z" finished-at="2021-03-04T15:08:28Z">
          <reporter-output>
          </reporter-output>
        </test-method> <!-- add -->
        <test-method status="PASS" signature="div()[pri:0, instance:OperationalCommands.OperationCommand@66d2e7d9]" name="div" duration-ms="2" started-at="2021-03-04T15:08:28Z" finished-at="2021-03-04T15:08:28Z">
          <reporter-output>
          </reporter-output>
        </test-method> <!-- div -->
        <test-method status="PASS" signature="mul()[pri:0, instance:OperationalCommands.OperationCommand@66d2e7d9]" name="mul" duration-ms="8" started-at="2021-03-04T15:08:28Z" finished-at="2021-03-04T15:08:28Z">
          <reporter-output>
          </reporter-output>
        </test-method> <!-- mul -->
        <test-method status="PASS" signature="sub()[pri:0, instance:OperationalCommands.OperationCommand@66d2e7d9]" name="sub" duration-ms="3" started-at="2021-03-04T15:08:28Z" finished-at="2021-03-04T15:08:28Z">
          <reporter-output>
          </reporter-output>
        </test-method> <!-- sub -->
      </class> <!-- OperationalCommands.OperationCommand -->
    </test> <!-- Default test -->
  </suite> <!-- Default suite -->
</testng-results>
